<?xml version="1.0" encoding="UTF-8"?>
<!-- Generated by org.testng.reporters.JUnitReportReporter -->
<testsuite hostname="Thirumalaivasans-MacBook-Air.local" failures="0" tests="1" name="javaAutomationTests.FaceBookLogin" time="9.621" errors="0" timestamp="2023-12-18T08:21:26 IST" skipped="0">
  <testcase classname="javaAutomationTests.FaceBookLogin" name="actions" time="9.621"/>
  <system-out/>
</testsuite> <!-- javaAutomationTests.FaceBookLogin -->
