<?xml version="1.0" encoding="UTF-8"?>
<!-- Generated by org.testng.reporters.JUnitReportReporter -->
<testsuite hostname="Thirumalaivasans-MacBook-Air.local" failures="0" tests="1" name="javaAutomationTests.IframeTest" time="2.150" errors="0" timestamp="2023-12-18T08:57:22 IST" skipped="0">
  <testcase classname="javaAutomationTests.IframeTest" name="actions" time="2.150"/>
  <system-out/>
</testsuite> <!-- javaAutomationTests.IframeTest -->
