<?xml version="1.0" encoding="UTF-8"?>
<!-- Generated by org.testng.reporters.JUnitReportReporter -->
<testsuite hostname="Thirumalaivasans-MacBook-Air.local" failures="0" tests="1" name="javaAutomationTests.LoginTest" time="1.462" errors="0" timestamp="2023-12-17T14:17:25 IST" skipped="0">
  <testcase classname="javaAutomationTests.LoginTest" name="m1" time="1.462"/>
  <system-out/>
</testsuite> <!-- javaAutomationTests.LoginTest -->
