<?xml version="1.0" encoding="UTF-8"?>
<!-- Generated by org.testng.reporters.JUnitReportReporter -->
<testsuite hostname="Thirumalaivasans-MacBook-Air.local" failures="0" tests="1" name="javaCodings.LoginTest" time="17.317" errors="0" timestamp="2023-12-17T13:41:25 IST" skipped="0">
  <testcase classname="javaCodings.LoginTest" name="m1" time="17.317"/>
  <system-out/>
</testsuite> <!-- javaCodings.LoginTest -->
