<?xml version="1.0" encoding="UTF-8"?>
<!-- Generated by org.testng.reporters.JUnitReportReporter -->
<testsuite hostname="Thirumalaivasans-MacBook-Air.local" failures="0" tests="1" name="javaAutomationTests.LoginOpenHRM" time="2.327" errors="0" timestamp="2023-12-17T15:42:13 IST" skipped="0">
  <testcase classname="javaAutomationTests.LoginOpenHRM" name="actions" time="2.327"/>
  <system-out/>
</testsuite> <!-- javaAutomationTests.LoginOpenHRM -->
