<?xml version="1.0" encoding="UTF-8"?>
<!-- Generated by org.testng.reporters.JUnitReportReporter -->
<testsuite hostname="Thirumalaivasans-MacBook-Air.local" failures="0" tests="1" name="javaAutomationTests.HandlingAlerts" time="0.258" errors="0" timestamp="2023-12-18T10:53:35 IST" skipped="0">
  <testcase classname="javaAutomationTests.HandlingAlerts" name="clickforJsAlert" time="0.258"/>
  <system-out/>
</testsuite> <!-- javaAutomationTests.HandlingAlerts -->
