<?xml version="1.0" encoding="UTF-8"?>
<!-- Generated by org.testng.reporters.JUnitReportReporter -->
<testsuite hostname="Thirumalaivasans-MacBook-Air.local" failures="0" tests="1" name="javaCodings.LoginGuviTest" time="16.856" errors="0" timestamp="2023-12-17T14:55:24 IST" skipped="0">
  <testcase classname="javaCodings.LoginGuviTest" name="m1" time="16.856"/>
  <system-out/>
</testsuite> <!-- javaCodings.LoginGuviTest -->
