<?xml version="1.0" encoding="UTF-8"?>
<!-- Generated by org.testng.reporters.JUnitReportReporter -->
<testsuite hostname="Thirumalaivasans-MacBook-Air.local" failures="0" tests="1" name="javaAutomationTests.DropdownSelection" time="0.346" errors="0" timestamp="2023-12-18T11:54:46 IST" skipped="0">
  <testcase classname="javaAutomationTests.DropdownSelection" name="actions" time="0.346"/>
  <system-out/>
</testsuite> <!-- javaAutomationTests.DropdownSelection -->
