<?xml version="1.0" encoding="UTF-8"?>
<!-- Generated by org.testng.reporters.JUnitReportReporter -->
<testsuite hostname="Thirumalaivasans-MacBook-Air.local" failures="0" tests="1" name="javaCodings.VerifyFaceBook" time="22.408" errors="0" timestamp="2023-12-17T14:55:24 IST" skipped="0">
  <testcase classname="javaCodings.VerifyFaceBook" name="m2" time="22.408"/>
  <system-out/>
</testsuite> <!-- javaCodings.VerifyFaceBook -->
